  texture.cpp
C:\Users\Chawapon\source\repos\nutt07\GameProject\Project3SFML\Project3SFML\texture.cpp(15,48): warning C4244: 'argument': conversion from 'T' to 'T', possible loss of data
          with
          [
              T=int
          ]
          and
          [
              T=float
          ]
C:\Users\Chawapon\source\repos\nutt07\GameProject\Project3SFML\Project3SFML\texture.cpp(15,39): warning C4244: 'argument': conversion from 'T' to 'T', possible loss of data
          with
          [
              T=int
          ]
          and
          [
              T=float
          ]
C:\Users\Chawapon\source\repos\nutt07\GameProject\Project3SFML\Project3SFML\texture.cpp(17,46): warning C4244: 'argument': conversion from 'int' to 'T', possible loss of data
          with
          [
              T=float
          ]
C:\Users\Chawapon\source\repos\nutt07\GameProject\Project3SFML\Project3SFML\texture.cpp(17,34): warning C4244: 'argument': conversion from 'int' to 'T', possible loss of data
          with
          [
              T=float
          ]
C:\Users\Chawapon\source\repos\nutt07\GameProject\Project3SFML\Project3SFML\texture.cpp(98,27): warning C4244: '=': conversion from 'int' to 'T', possible loss of data
          with
          [
              T=float
          ]
C:\Users\Chawapon\source\repos\nutt07\GameProject\Project3SFML\Project3SFML\texture.cpp(106,28): warning C4244: '=': conversion from 'int' to 'T', possible loss of data
          with
          [
              T=float
          ]
  Project3SFML.vcxproj -> C:\Users\Chawapon\source\repos\nutt07\GameProject\Project3SFML\x64\Debug\Project3SFML.exe
